<?xml version="1.0" encoding="UTF-8"?>
<testsuite name="io.github.jhipster.registry.web.rest.vm.UserVMTest" tests="4" skipped="0" failures="0" errors="0" timestamp="2018-04-16T19:54:41" hostname="yonathans-MacBook-Pro.local" time="0.022">
  <properties/>
  <testcase name="constructorTest" classname="io.github.jhipster.registry.web.rest.vm.UserVMTest" time="0.01"/>
  <testcase name="getLoginTest" classname="io.github.jhipster.registry.web.rest.vm.UserVMTest" time="0.003"/>
  <testcase name="getAuthoritiesTest" classname="io.github.jhipster.registry.web.rest.vm.UserVMTest" time="0.004"/>
  <testcase name="toStringTest" classname="io.github.jhipster.registry.web.rest.vm.UserVMTest" time="0.005"/>
  <system-out><![CDATA[]]></system-out>
  <system-err><![CDATA[]]></system-err>
</testsuite>
