<?xml version="1.0" encoding="UTF-8"?>
<testsuite name="io.github.jhipster.registry.web.rest.ProfileInfoResourceTest" tests="1" skipped="0" failures="0" errors="0" timestamp="2018-04-16T19:54:41" hostname="yonathans-MacBook-Pro.local" time="0.041">
  <properties/>
  <testcase name="getActiveProfilesTest" classname="io.github.jhipster.registry.web.rest.ProfileInfoResourceTest" time="0.041"/>
  <system-out><![CDATA[]]></system-out>
  <system-err><![CDATA[]]></system-err>
</testsuite>
