<?xml version="1.0" encoding="UTF-8"?>
<testsuite name="io.github.jhipster.registry.web.rest.vm.LoginVMTest" tests="7" skipped="0" failures="0" errors="0" timestamp="2018-04-16T19:54:41" hostname="yonathans-MacBook-Pro.local" time="0.159">
  <properties/>
  <testcase name="getPasswordTest" classname="io.github.jhipster.registry.web.rest.vm.LoginVMTest" time="0.005"/>
  <testcase name="getUsernameTest" classname="io.github.jhipster.registry.web.rest.vm.LoginVMTest" time="0.003"/>
  <testcase name="setPasswordTest" classname="io.github.jhipster.registry.web.rest.vm.LoginVMTest" time="0.093"/>
  <testcase name="setUsernameTest" classname="io.github.jhipster.registry.web.rest.vm.LoginVMTest" time="0.023"/>
  <testcase name="toStringTest" classname="io.github.jhipster.registry.web.rest.vm.LoginVMTest" time="0.027"/>
  <testcase name="isRememberMeTest" classname="io.github.jhipster.registry.web.rest.vm.LoginVMTest" time="0.003"/>
  <testcase name="setRememberMeTest" classname="io.github.jhipster.registry.web.rest.vm.LoginVMTest" time="0.003"/>
  <system-out><![CDATA[]]></system-out>
  <system-err><![CDATA[]]></system-err>
</testsuite>
