<?xml version="1.0" encoding="UTF-8"?>
<testsuite name="io.github.jhipster.registry.web.rest.LogsResourceTest" tests="2" skipped="0" failures="0" errors="0" timestamp="2018-04-16T19:54:42" hostname="yonathans-MacBook-Pro.local" time="0.067">
  <properties/>
  <testcase name="changeLevelTest" classname="io.github.jhipster.registry.web.rest.LogsResourceTest" time="0.038"/>
  <testcase name="getListTest" classname="io.github.jhipster.registry.web.rest.LogsResourceTest" time="0.029"/>
  <system-out><![CDATA[]]></system-out>
  <system-err><![CDATA[]]></system-err>
</testsuite>
