<?xml version="1.0" encoding="UTF-8"?>
<testsuite name="io.github.jhipster.registry.web.rest.AccountResourceTest" tests="4" skipped="0" failures="0" errors="0" timestamp="2018-04-16T19:54:41" hostname="yonathans-MacBook-Pro.local" time="0.259">
  <properties/>
  <testcase name="testGetUnknownAccount" classname="io.github.jhipster.registry.web.rest.AccountResourceTest" time="0.065"/>
  <testcase name="testAuthenticatedUser" classname="io.github.jhipster.registry.web.rest.AccountResourceTest" time="0.036"/>
  <testcase name="testNonAuthenticatedUser" classname="io.github.jhipster.registry.web.rest.AccountResourceTest" time="0.031"/>
  <testcase name="testGetExistingAccount" classname="io.github.jhipster.registry.web.rest.AccountResourceTest" time="0.127"/>
  <system-out><![CDATA[]]></system-out>
  <system-err><![CDATA[]]></system-err>
</testsuite>
