<?xml version="1.0" encoding="UTF-8"?>
<testsuite name="io.github.jhipster.registry.web.rest.vm.EurekaVMTest" tests="4" skipped="0" failures="0" errors="0" timestamp="2018-04-16T19:54:41" hostname="yonathans-MacBook-Pro.local" time="0.001">
  <properties/>
  <testcase name="getApplicationsTest" classname="io.github.jhipster.registry.web.rest.vm.EurekaVMTest" time="0.0"/>
  <testcase name="getStatusTest" classname="io.github.jhipster.registry.web.rest.vm.EurekaVMTest" time="0.001"/>
  <testcase name="setStatusTest" classname="io.github.jhipster.registry.web.rest.vm.EurekaVMTest" time="0.0"/>
  <testcase name="setApplicationsTest" classname="io.github.jhipster.registry.web.rest.vm.EurekaVMTest" time="0.0"/>
  <system-out><![CDATA[]]></system-out>
  <system-err><![CDATA[]]></system-err>
</testsuite>
