<?xml version="1.0" encoding="UTF-8"?>
<testsuite name="io.github.jhipster.registry.web.rest.UserJWTControllerTest" tests="3" skipped="0" failures="0" errors="0" timestamp="2018-04-16T19:54:41" hostname="yonathans-MacBook-Pro.local" time="0.107">
  <properties/>
  <testcase name="authorizeTest" classname="io.github.jhipster.registry.web.rest.UserJWTControllerTest" time="0.054"/>
  <testcase name="getIdTokenTest" classname="io.github.jhipster.registry.web.rest.UserJWTControllerTest" time="0.028"/>
  <testcase name="setIdTokenTest" classname="io.github.jhipster.registry.web.rest.UserJWTControllerTest" time="0.025"/>
  <system-out><![CDATA[]]></system-out>
  <system-err><![CDATA[]]></system-err>
</testsuite>
