<?xml version="1.0" encoding="UTF-8"?>
<testsuite name="io.github.jhipster.registry.web.rest.errors.FieldErrorVMTest" tests="3" skipped="0" failures="0" errors="0" timestamp="2018-04-16T19:54:41" hostname="yonathans-MacBook-Pro.local" time="0.001">
  <properties/>
  <testcase name="getMessageTest" classname="io.github.jhipster.registry.web.rest.errors.FieldErrorVMTest" time="0.0"/>
  <testcase name="getObjectNameTest" classname="io.github.jhipster.registry.web.rest.errors.FieldErrorVMTest" time="0.0"/>
  <testcase name="getFieldTest" classname="io.github.jhipster.registry.web.rest.errors.FieldErrorVMTest" time="0.0"/>
  <system-out><![CDATA[]]></system-out>
  <system-err><![CDATA[]]></system-err>
</testsuite>
